[2023-10-26 22:30:46] [ INFO ] [OdontologoDaoMemoria:24] Odontologo guardado: Odontologo{id=1, numero_matricula=5, nombre='Samuel', apellido='Velasco'}
[2023-10-26 22:37:19] [ INFO ] [OdontologoDaoMemoria:24] Odontologo guardado: Odontologo{id=1, numero_matricula=6, nombre='Bastian', apellido='Alvarado'}
[2023-10-26 22:37:19] [ INFO ] [OdontologoDaoMemoria:24] Odontologo guardado: Odontologo{id=2, numero_matricula=7, nombre='Eduardo', apellido='Troncoso'}
[2023-10-26 22:37:19] [ INFO ] [OdontologoDaoMemoria:31] Lista de odontologos: [Odontologo{id=0, numero_matricula=6, nombre='Bastian', apellido='Alvarado'}, Odontologo{id=0, numero_matricula=7, nombre='Eduardo', apellido='Troncoso'}]
[2023-10-26 22:37:19] [ INFO ] [OdontologoDaoMemoria:24] Odontologo guardado: Odontologo{id=1, numero_matricula=5, nombre='Samuel', apellido='Velasco'}
[2023-10-26 22:37:55] [ INFO ] [OdontologoDaoMemoria:24] Odontologo guardado: Odontologo{id=1, numero_matricula=6, nombre='Bastian', apellido='Alvarado'}
[2023-10-26 22:37:55] [ INFO ] [OdontologoDaoMemoria:24] Odontologo guardado: Odontologo{id=2, numero_matricula=7, nombre='Eduardo', apellido='Troncoso'}
[2023-10-26 22:37:55] [ INFO ] [OdontologoDaoMemoria:31] Lista de odontologos: [Odontologo{id=0, numero_matricula=6, nombre='Bastian', apellido='Alvarado'}, Odontologo{id=0, numero_matricula=7, nombre='Eduardo', apellido='Troncoso'}]
[2023-10-26 22:37:55] [ INFO ] [OdontologoDaoMemoria:24] Odontologo guardado: Odontologo{id=1, numero_matricula=5, nombre='Samuel', apellido='Velasco'}
[2023-10-26 22:38:33] [ INFO ] [OdontologoDaoMemoria:31] Lista de odontologos: []
[2023-10-26 22:38:33] [ INFO ] [OdontologoDaoMemoria:24] Odontologo guardado: Odontologo{id=1, numero_matricula=5, nombre='Samuel', apellido='Velasco'}
[2023-10-26 22:39:31] [ INFO ] [OdontologoDaoMemoria:31] Lista de odontologos: []
[2023-10-26 22:39:31] [ INFO ] [OdontologoDaoMemoria:24] Odontologo guardado: Odontologo{id=1, numero_matricula=5, nombre='Samuel', apellido='Velasco'}
[2023-10-26 22:39:51] [ INFO ] [OdontologoDaoMemoria:24] Odontologo guardado: Odontologo{id=1, numero_matricula=6, nombre='Bastian', apellido='Alvarado'}
[2023-10-26 22:39:51] [ INFO ] [OdontologoDaoMemoria:24] Odontologo guardado: Odontologo{id=2, numero_matricula=7, nombre='Eduardo', apellido='Troncoso'}
[2023-10-26 22:39:51] [ INFO ] [OdontologoDaoMemoria:31] Lista de odontologos: [Odontologo{id=0, numero_matricula=6, nombre='Bastian', apellido='Alvarado'}, Odontologo{id=0, numero_matricula=7, nombre='Eduardo', apellido='Troncoso'}]
[2023-10-26 22:39:51] [ INFO ] [OdontologoDaoMemoria:24] Odontologo guardado: Odontologo{id=1, numero_matricula=5, nombre='Samuel', apellido='Velasco'}
[2023-10-26 22:42:08] [ INFO ] [OdontologoDaoMemoria:24] Odontologo guardado: Odontologo{id=1, numero_matricula=6, nombre='Bastian', apellido='Alvarado'}
[2023-10-26 22:42:08] [ INFO ] [OdontologoDaoMemoria:24] Odontologo guardado: Odontologo{id=2, numero_matricula=7, nombre='Eduardo', apellido='Troncoso'}
[2023-10-26 22:42:08] [ INFO ] [OdontologoDaoMemoria:31] Lista de odontologos: [Odontologo{id=0, numero_matricula=6, nombre='Bastian', apellido='Alvarado'}, Odontologo{id=0, numero_matricula=7, nombre='Eduardo', apellido='Troncoso'}]
[2023-10-26 22:42:09] [ ERROR] [OdontologoDaoH2:94] Table "ODONTOLOGOS" not found (this database is empty); SQL statement:
SELECT * FROM ODONTOLOGOS [42104-224]
[2023-10-26 22:42:09] [ INFO ] [OdontologoDaoH2:99] Tuvimos un problema
[2023-10-26 22:42:09] [ ERROR] [OdontologoDaoH2:100] Table "ODONTOLOGOS" not found (this database is empty); SQL statement:
SELECT * FROM ODONTOLOGOS [42104-224]
[2023-10-26 22:42:09] [ INFO ] [OdontologoDaoMemoria:24] Odontologo guardado: Odontologo{id=1, numero_matricula=5, nombre='Samuel', apellido='Velasco'}
[2023-10-26 22:45:32] [ INFO ] [OdontologoDaoH2:90] Listado de todos los odontologos: [Odontologo{id=1, numero_matricula=20, nombre='Nestor', apellido='Real'}, Odontologo{id=2, numero_matricula=21, nombre='Ignacio', apellido='Ojeda'}, Odontologo{id=3, numero_matricula=22, nombre='Luciana', apellido='Murga'}]
[2023-10-26 22:48:23] [ INFO ] [OdontologoDaoMemoria:24] Odontologo guardado: Odontologo{id=1, numero_matricula=6, nombre='Bastian', apellido='Alvarado'}
[2023-10-26 22:48:23] [ INFO ] [OdontologoDaoMemoria:24] Odontologo guardado: Odontologo{id=2, numero_matricula=7, nombre='Eduardo', apellido='Troncoso'}
[2023-10-26 22:48:23] [ INFO ] [OdontologoDaoMemoria:31] Lista de odontologos: [Odontologo{id=0, numero_matricula=6, nombre='Bastian', apellido='Alvarado'}, Odontologo{id=0, numero_matricula=7, nombre='Eduardo', apellido='Troncoso'}]
[2023-10-26 22:48:23] [ INFO ] [OdontologoDaoH2:90] Listado de todos los odontologos: [Odontologo{id=1, numero_matricula=20, nombre='Nestor', apellido='Real'}, Odontologo{id=2, numero_matricula=21, nombre='Ignacio', apellido='Ojeda'}, Odontologo{id=3, numero_matricula=22, nombre='Luciana', apellido='Murga'}]
[2023-10-26 22:48:24] [ INFO ] [OdontologoDaoMemoria:24] Odontologo guardado: Odontologo{id=1, numero_matricula=5, nombre='Samuel', apellido='Velasco'}
